INFO - [♥] Lovely 0.7.1
INFO - [♥] Game directory is at "C:\\Program Files (x86)\\Steam\\steamapps\\common\\Balatro"
INFO - [♥] Writing logs to "C:\\Users\\Admin\\AppData\\Roaming\\Balatro\\Mods\\lovely\\log"
INFO - [♥] Using mod directory at "C:\\Users\\Admin\\AppData\\Roaming\\Balatro\\Mods"
INFO - [♥] Found .lovelyignore in 'BalatroMultiplayer', skipping it.
INFO - [♥] Found .lovelyignore in 'Brainstorm-2.0.0-alpha-1', skipping it.
INFO - [♥] Found .lovelyignore in 'Cryptid', skipping it.
INFO - [♥] Found .lovelyignore in 'Talisman', skipping it.
INFO - [♥] Cleaning up dumps directory at "C:\\Users\\Admin\\AppData\\Roaming\\Balatro\\Mods\\lovely\\dump"
INFO - [♥] Initialization complete in 33ms
INFO - [♥] Applied 1 patch to 'conf.lua'
INFO - [♥] Applied 23 patches to 'main.lua'
INFO - [♥] Applied 12 patches to 'engine/controller.lua'
INFO - [♥] Applied 18 patches to 'back.lua'
INFO - [♥] Applied 7 patches to 'tag.lua'
INFO - [♥] Applied 1 patch to 'engine/moveable.lua'
INFO - [♥] Applied 2 patches to 'engine/sprite.lua'
INFO - [♥] Applied 2 patches to 'engine/animatedsprite.lua'
INFO - [♥] Applied 47 patches to 'functions/misc_functions.lua'
WARN - [♥] Pattern '           \nc_wheel_of_fortune= {order = 11,    discovered = false, cost = 3, consumeable = true, name = \"The Wheel of Fortune\", pos = {x=0,y=1}, set = \"Tarot\", effect = \"Round Bonus\", cost_mult = 1.0, config = {extra = 4}},\n' on target 'game.lua' for pattern patch from SurtrMod\lovely\wheel_of_fortune.toml resulted in no matches
INFO - [♥] Applied 34 patches to 'game.lua'
INFO - [♥] Applied 1 patch to 'globals.lua'
INFO - [♥] Applied 3 patches to 'engine/ui.lua'
INFO - [♥] Applied 77 patches to 'functions/UI_definitions.lua'
WARN - [♥] Pattern 'if not extra.edition and (extra.mult_mod or extra.Xmult_mod)  then\n            colour = G.C.MULT\n        end' on target 'functions/state_events.lua' for pattern patch from SurtrMod\lovely\boss_blind_switch.toml resulted in no matches
WARN - [♥] Pattern '            if scoring_hand[i].ability.name == \'Glass Card\' and not scoring_hand[i].debuff and pseudorandom(\'glass\') < G.GAME.probabilities.normal/scoring_hand[i].ability.extra then \n                destroyed = true\n            end\n' on target 'functions/state_events.lua' for pattern patch from SurtrMod\lovely\mazarines_end.toml resulted in no matches
INFO - [♥] Applied 42 patches to 'functions/state_events.lua'
INFO - [♥] Applied 100 patches to 'functions/common_events.lua'
INFO - [♥] Applied 43 patches to 'functions/button_callbacks.lua'
WARN - [♥] Pattern 'function Card:calculate_seal(context)\n    if self.debuff then return nil end' on target 'card.lua' for pattern patch from smods\lovely\can_calculate.toml resulted in no matches
WARN - [♥] Pattern 'function Card:calculate_joker(context)\n    if self.debuff then return nil end\n    if self.ability.set == \"Planet\" and not self.debuff then' on target 'card.lua' for pattern patch from smods\lovely\can_calculate.toml resulted in no matches
WARN - [♥] Pattern '           \nself.debuff = false\n' on target 'card.lua' for pattern patch from SurtrMod\lovely\wheel_of_fortune.toml resulted in no matches
WARN - [♥] Pattern '           \nif self.ability.name == \'Ectoplasm\' or self.ability.name == \'Hex\' or pseudorandom(\'wheel_of_fortune\') < G.GAME.probabilities.normal/self.ability.extra then \n' on target 'card.lua' for pattern patch from SurtrMod\lovely\wheel_of_fortune.toml resulted in no matches
INFO - [♥] Applied 139 patches to 'card.lua'
INFO - [♥] Applied 9 patches to 'cardarea.lua'
INFO - [♥] Applied 34 patches to 'blind.lua'
INFO - [♥] Applied 2 patches to 'engine/text.lua'
INFO - [♥] Applied 3 patches to '=[SMODS _ "src/utils.lua"]'
INFO - [G] Failed to connect to the debug server
INFO - [G] 2025-03-25 12:31:51 :: DEBUG :: DebugConsole :: Steamodded Debug Socket started !
INFO - [♥] Applied 1 patch to 'engine/save_manager.lua'
INFO - [♥] Applied 9 patches to 'engine/sound_manager.lua'
INFO - [G] 2025-03-25 12:31:52 :: INFO  :: DefaultLogger :: Valid JSON file found
INFO - [G] 2025-03-25 12:31:52 :: TRACE :: Loader :: Processing Mod file (Legacy header): steamodded_compat.lua
INFO - [G] 2025-03-25 12:31:52 :: TRACE :: Loader :: Saving Mod Info: Brainstorm
INFO - [G] 2025-03-25 12:31:52 :: INFO  :: DefaultLogger :: Valid JSON file found
INFO - [G] 2025-03-25 12:31:52 :: INFO  :: DefaultLogger :: Valid JSON file found
INFO - [G] 2025-03-25 12:31:52 :: WARN  :: Loader :: Found lone Lua file MoreSpeeds.lua in Mods directory :: Please place the files for each mod in its own subdirectory.
INFO - [G] 2025-03-25 12:31:52 :: TRACE :: Loader :: Processing Mod file (Legacy header): MoreSpeeds.lua
INFO - [G] 2025-03-25 12:31:52 :: TRACE :: Loader :: Saving Mod Info: MoreSpeed
INFO - [G] 2025-03-25 12:31:52 :: WARN  :: Loader :: Found lone Lua file Nopeus.lua in Mods directory :: Please place the files for each mod in its own subdirectory.
INFO - [G] 2025-03-25 12:31:52 :: TRACE :: Loader :: Processing Mod file (Legacy header): Nopeus.lua
INFO - [G] 2025-03-25 12:31:52 :: TRACE :: Loader :: Saving Mod Info: nopeus
INFO - [G] 2025-03-25 12:31:52 :: WARN  :: Loader :: Found lone Lua file RoboSortMod.lua in Mods directory :: Please place the files for each mod in its own subdirectory.
INFO - [G] 2025-03-25 12:31:52 :: TRACE :: Loader :: Processing Mod file (Legacy header): RoboSortMod.lua
INFO - [G] 2025-03-25 12:31:52 :: TRACE :: Loader :: Saving Mod Info: RoboSort
INFO - [G] 2025-03-25 12:31:52 :: ERROR :: Loader :: Found invalid metadata JSON file at C:\Users\Admin\AppData\Roaming\Balatro\Mods/SurtrMod/.vscode/settings.json, ignoring: [SMODS _ "src/loader.lua"]:226: id
INFO - [G] 2025-03-25 12:31:52 :: INFO  :: DefaultLogger :: Valid JSON file found
INFO - [G] 2025-03-25 12:31:52 :: TRACE :: Loader :: Processing Mod file (Legacy header): main.lua
INFO - [G] 2025-03-25 12:31:52 :: WARN  :: Loader :: Duplicate Mod ID: WatSAU
INFO - [G] 2025-03-25 12:31:52 :: TRACE :: Loader :: Processing Mod file (Legacy header): steamodded_metadata.lua
INFO - [G] 2025-03-25 12:31:52 :: TRACE :: Loader :: Saving Mod Info: Talisman
INFO - [G] 2025-03-25 12:31:53 :: TRACE :: Loader :: Mod Brainstorm was unable to load:
INFO - [G] 2025-03-25 12:31:53 :: TRACE :: Loader :: Mod MoreSpeed was unable to load:
INFO - [G] 2025-03-25 12:31:53 :: TRACE :: Loader :: Mod RoboSort was unable to load:
INFO - [G] 2025-03-25 12:31:53 :: TRACE :: Loader :: Mod Talisman was unable to load:
INFO - [G] 2025-03-25 12:31:53 :: TRACE :: Loader :: Mod nopeus was unable to load:
INFO - [G] 2025-03-25 12:31:53 :: TRACE :: Loader :: Mod Cryptid was unable to load: Missing Dependencies: 1: Talisman (>=2.0.9)


INFO - [G] 2025-03-25 12:31:53 :: TRACE :: Loader :: Mod Multiplayer was unable to load: Missing Dependencies: 1: Steamodded (>=1.0.0~BETA-0315b)


INFO - [G] 2025-03-25 12:31:53 :: INFO  :: TIMER :: [0000] Injected Language in 0.013 ms
INFO - [G] 2025-03-25 12:31:53 :: INFO  :: TIMER :: [0000] Injected [INTERNAL] in 1.218 ms
INFO - [G] 2025-03-25 12:31:53 :: INFO  :: TIMER :: [0005] Injected Atlas in 718.620 ms
INFO - [G] 2025-03-25 12:31:53 :: INFO  :: TIMER :: [0001] Injected Sound in 0.466 ms
INFO - [G] 2025-03-25 12:31:53 :: INFO  :: TIMER :: [0008] Injected Stake in 0.801 ms
INFO - [G] 2025-03-25 12:31:53 :: INFO  :: TIMER :: [0004] Injected Rarity in 0.052 ms
INFO - [G] 2025-03-25 12:31:53 :: INFO  :: TIMER :: [0004] Injected ObjectType in 0.060 ms
INFO - [G] 2025-03-25 12:31:53 :: INFO  :: TIMER :: [0062] Injected Center in 0.796 ms
INFO - [G] 2025-03-25 12:31:53 :: INFO  :: TIMER :: [0007] Injected Undiscovered Sprite in 0.007 ms
INFO - [G] 2025-03-25 12:31:53 :: INFO  :: TIMER :: [0008] Injected Blind in 0.130 ms
INFO - [G] 2025-03-25 12:31:53 :: INFO  :: TIMER :: [0004] Injected Seal in 0.204 ms
INFO - [G] 2025-03-25 12:31:53 :: INFO  :: TIMER :: [0004] Injected Suit in 0.159 ms
INFO - [G] 2025-03-25 12:31:53 :: INFO  :: TIMER :: [0013] Injected Rank in 0.118 ms
INFO - [G] 2025-03-25 12:31:53 :: INFO  :: TIMER :: [0028] Injected DeckSkin in 0.253 ms
INFO - [G] 2025-03-25 12:31:53 :: INFO  :: TIMER :: [0012] Injected PokerHand in 0.120 ms
INFO - [G] 2025-03-25 12:31:53 :: INFO  :: TIMER :: [0020] Injected Challenge in 0.037 ms
INFO - [G] 2025-03-25 12:31:53 :: INFO  :: TIMER :: [0000] Injected Tag in 0.001 ms
INFO - [G] 2025-03-25 12:31:53 :: INFO  :: TIMER :: [0004] Injected Sticker in 0.109 ms
INFO - [G] 2025-03-25 12:31:53 :: INFO  :: TIMER :: [0000] Injected Shader in 0.001 ms
INFO - [G] 2025-03-25 12:31:53 :: INFO  :: TIMER :: [0001] Injected Keybind in 0.014 ms
INFO - [G] 2025-03-25 12:31:53 :: INFO  :: TIMER :: [0000] Injected Achievement in 0.052 ms
INFO - [G] 2025-03-25 12:31:53 :: INFO  :: TIMER :: [0002] Injected nil in 0.051 ms
INFO - [G] 2025-03-25 12:31:53 :: INFO  :: TIMER :: [0021] Injected Draw Step in 0.462 ms
INFO - [G] 2025-03-25 12:31:53 :: INFO  :: TIMER :: [0000] Injected [INTERNAL] in 1.209 ms
Setting breakpad minidump AppID = 2379780
SteamInternal_SetMinidumpSteamID:  Caching Steam ID:  76561199028257168 [API loaded no]
INFO - [G] [DebugPlus] Press [/] to toggle console and press [shift] + [/] to toggle new log previews
INFO - [G] chips 10
INFO - [G] chips 10
INFO - [G] chips 8
INFO - [G] chips 7
INFO - [G] chips 2
INFO - [G] chips 11
INFO - [G] chips 11
INFO - [G] chips 10
INFO - [G] chips 9
INFO - [G] chips 5
INFO - [G] chips 2
INFO - [G] chips 10
INFO - [G] chips 10
INFO - [G] mult 4
INFO - [G] chips 7
INFO - [G] mult 4
INFO - [G] chips 5
INFO - [G] chips 4
INFO - [G] chips 3
INFO - [G] x_mult 2
INFO - [G] mult_mod 3
INFO - [G] message +3 Mult
INFO - [G] chip_mod 80
INFO - [G] message +80
INFO - [G] chips 11
INFO - [G] mult 4
INFO - [G] chips 10
INFO - [G] mult 4
INFO - [G] chips 10
INFO - [G] chips 9
INFO - [G] chips 6
INFO - [G] mult_mod 4
INFO - [G] No match.
INFO - [G] message +4 Mult
INFO - [G] messageKey
INFO - [G] chips 50
INFO - [G] chip_mod 82
INFO - [G] message +82
INFO - [G] messageKey
INFO - [G] mult_mod 10
INFO - [G] No match.
INFO - [G] message +10 Mult
INFO - [G] messageKey
