Oops! The game crashed:
card.lua:260: attempt to index local 'center' (a nil value)

Additional Context:
Balatro Version: 1.0.1o-FULL
Modded Version: 1.0.0~BETA-0309b-STEAMODDED
LÖVE Version: 11.5.0
Lovely Version: 0.7.1
Platform: Windows
Steamodded Mods:
    1: Where are the Stars Above Us by M3galodn81 [ID: WatSAU, Version: 0.1.0~pre-alpha, Uses Lovely]
    2: DebugPlus by WilsontheWolf [ID: DebugPlus, Version: 1.4.1, Uses Lovely]
Lovely Mods:

Stack Traceback
===============
(3) LÖVE metamethod at file 'boot.lua:352'
Local variables:
 errhand = Lua function '(LÖVE Function)' (defined at line 575 of chunk [lovely debugplus.console "debugplus/console.lua"])
 handler = Lua function '(LÖVE Function)' (defined at line 575 of chunk [lovely debugplus.console "debugplus/console.lua"])
(4) Lua method 'set_ability' at file 'card.lua:260'
Local variables:
 self = table: 0x2f94b3a0  {label:Enhanced, click_offset:table: 0x2f94b770, highlighted:false, children:table: 0x2f952468, ambient_tilt:0.2, parent:table: 0x2fae36a8, sprite_facing:front (more...)}
 center = nil
 initial = nil
 delay_sprites = boolean: true
 X = number: 9.98431
 Y = number: 5.21756
 W = number: 2.04878
 H = number: 2.75122
 old_center = table: 0x2fa26010  {alerted:false, loc_vars:function: 0x2fa26508, _saved_d_u:true, original_key:molten, mod:table: 0x2f6d6410, registered:true, _discovered_unlocked_overwritten:true (more...)}
 (*temporary) = nil
 (*temporary) = table: 0x2efe7dd0  {j_mime:table: 0x2f2741b0, j_ring_master:table: 0x2f23f618, b_challenge:table: 0x2f3751e0, j_watsau_myrtle:table: 0x2fa1a8f0, c_medium:table: 0x2f150610 (more...)}
 (*temporary) = number: nan
 (*temporary) = string: "b_zodiac"
 (*temporary) = table: 0x2f229a30  {alerted:true, _saved_d_u:true, original_key:zodiac, inject:function: 0x2f26e2e8, unlocked:false, unlock_condition:table: 0x2f20de50, _discovered_unlocked_overwritten:true (more...)}
 (*temporary) = C function: builtin#6
 (*temporary) = table: 0x2f1f8af8  {1:table: 0x2fafbe18, 2:table: 0x2f165d78, 3:table: 0x2fbe7a48}
 (*temporary) = number: 3
 (*temporary) = nil
 (*temporary) = nil
 (*temporary) = number: 3
 (*temporary) = table: 0x2fba82c0  {}
 (*temporary) = number: nan
 (*temporary) = number: 2
 (*temporary) = table: 0x2f6e3ed0  {click_offset:table: 0x2f5afe18, children:table: 0x2f595450, ambient_tilt:0.2, parent:table: 0x2fafbe18, under_overlay:false, T:table: 0x2f5ea970 (more...)}
 (*temporary) = string: "j_superposition"
 (*temporary) = string: "attempt to index local 'center' (a nil value)"
(5) Lua method 'calculate' at file './modules/jokers/surtr.lua:59' (from mod with id WatSAU)
Local variables:
 self = table: 0x2fa1df00  {alerted:true, loc_vars:function: 0x2fa1cca8, _saved_d_u:true, original_key:surtr, mod:table: 0x2f6d6410, unlocked:true, registered:true, _discovered_unlocked_overwritten:true (more...)}
 card = table: 0x2f5d1cd0  {click_offset:table: 0x2fbba710, children:table: 0x2f3763d8, ambient_tilt:0.2, parent:table: 0x2fafbe18, T:table: 0x2fbba6e8, offset:table: 0x2fb915e0 (more...)}
 context = table: 0x2f9d0ea8  {main_eval:true, before:true, scoring_name:High Card, scoring_hand:table: 0x2f5a1350, full_hand:table: 0x2f4eb530, cardarea:table: 0x2fafbe18 (more...)}
 unmelted = table: 0x2f05ae50  {1:table: 0x2f94b3a0}
 (for generator) = C function: builtin#6
 (for state) = table: 0x2f5a1350  {1:table: 0x2f94b3a0}
 (for control) = number: 1
 k = number: 1
 v = table: 0x2f94b3a0  {label:Enhanced, click_offset:table: 0x2f94b770, highlighted:false, children:table: 0x2f952468, ambient_tilt:0.2, parent:table: 0x2fae36a8, sprite_facing:front (more...)}
(6) Lua method 'calculate_joker' at file 'card.lua:2505'
Local variables:
 self = table: 0x2f5d1cd0  {click_offset:table: 0x2fbba710, children:table: 0x2f3763d8, ambient_tilt:0.2, parent:table: 0x2fafbe18, T:table: 0x2fbba6e8, offset:table: 0x2fb915e0 (more...)}
 context = table: 0x2f9d0ea8  {main_eval:true, before:true, scoring_name:High Card, scoring_hand:table: 0x2f5a1350, full_hand:table: 0x2f4eb530, cardarea:table: 0x2fafbe18 (more...)}
 obj = table: 0x2fa1df00  {alerted:true, loc_vars:function: 0x2fa1cca8, _saved_d_u:true, original_key:surtr, mod:table: 0x2f6d6410, unlocked:true, registered:true, _discovered_unlocked_overwritten:true (more...)}
(7) Lua global 'eval_card' at file 'functions/common_events.lua:725'
Local variables:
 card = table: 0x2f5d1cd0  {click_offset:table: 0x2fbba710, children:table: 0x2f3763d8, ambient_tilt:0.2, parent:table: 0x2fafbe18, T:table: 0x2fbba6e8, offset:table: 0x2fb915e0 (more...)}
 context = table: 0x2f9d0ea8  {main_eval:true, before:true, scoring_name:High Card, scoring_hand:table: 0x2f5a1350, full_hand:table: 0x2f4eb530, cardarea:table: 0x2fafbe18 (more...)}
 ret = table: 0x2f9d0f98  {}
 post_trig = table: 0x2fbddcc0  {}
 areas = table: 0x2f7a5340  {1:table: 0x2fafbe18, 2:table: 0x2f165d78, 3:table: 0x2fbe7a48}
 area_set = table: 0x2f428fb8  {table: 0x2fbe7a48:true, table: 0x2fafbe18:true, table: 0x2f165d78:true}
(8) Lua field 'calculate_context' at Steamodded file 'src/utils.lua:1367' 
Local variables:
 context = table: 0x2f9d0ea8  {main_eval:true, before:true, scoring_name:High Card, scoring_hand:table: 0x2f5a1350, full_hand:table: 0x2f4eb530, cardarea:table: 0x2fafbe18 (more...)}
 return_table = nil
 (for generator) = C function: builtin#6
 (for state) = table: 0x2faba560  {1:table: 0x2fafbe18, 2:table: 0x2f165d78, 3:table: 0x2fbe7a48}
 (for control) = number: 1
 _ = number: 1
 area = table: 0x2fafbe18  {click_offset:table: 0x2fb1a110, children:table: 0x2f5d1ca8, shuffle_amt:0, T:table: 0x2fb0b548, offset:table: 0x2f669588, role:table: 0x2fb58e18 (more...)}
 (for generator) = C function: builtin#6
 (for state) = table: 0x2f203d88  {1:table: 0x2f5d1cd0, 2:table: 0x2f6e3ed0}
 (for control) = number: 1
 _ = number: 1
 _card = table: 0x2f5d1cd0  {click_offset:table: 0x2fbba710, children:table: 0x2f3763d8, ambient_tilt:0.2, parent:table: 0x2fafbe18, T:table: 0x2fbba6e8, offset:table: 0x2fb915e0 (more...)}
(9) Lua field 'evaluate_play' at file 'functions/state_events.lua:600'
Local variables:
 e = nil
 text = string: "High Card"
 disp_text = string: "High Card"
 poker_hands = table: 0x2fb63a78  {Flush House:table: 0x2f5d1140, Full House:table: 0x2f5a1328, top:table: 0x2f5d1168, Flush:table: 0x2f999f38, Pair:table: 0x2f291ae0, Four of a Kind:table: 0x2f189470 (more...)}
 scoring_hand = table: 0x2f5a1350  {1:table: 0x2f94b3a0}
 non_loc_disp_text = string: "High Card"
 final_scoring_hand = table: 0x2f5a1350  {1:table: 0x2f94b3a0}
 hand_text_set = boolean: false
(10) Lua field 'func' at file 'functions/state_events.lua:480'
(11) Lua method 'handle' at file 'engine/event.lua:99'
Local variables:
 self = table: 0x2fb4c748  {start_timer:true, timer:TOTAL, blockable:true, trigger:immediate, func:function: 0x2fa1db40, delay:0, complete:false, time:51.339143388336, blocking:true (more...)}
 _results = table: 0x2fba1468  {blocking:true, pause_skip:false, time_done:false, completed:false}
(12) Lua method 'update' at file 'engine/event.lua:182'
Local variables:
 self = table: 0x2f27f758  {queue_last_processed:17.8, queues:table: 0x2f27f780, queue_dt:0.016666666666667, queue_timer:17.800026719552}
 dt = number: 0.00321592
 forced = nil
 (for generator) = C function: next
 (for state) = table: 0x2f27f780  {unlock:table: 0x2f27f870, other:table: 0x2f350a18, tutorial:table: 0x2f3509c8, base:table: 0x2f3509a0, achievement:table: 0x2f3509f0}
 (for control) = number: nan
 k = string: "base"
 v = table: 0x2f3509a0  {1:table: 0x2f203d60, 2:table: 0x2fb27930, 3:table: 0x2fb4c748, 4:table: 0x2ef41a88, 5:table: 0x2f6be178, 6:table: 0x2f995b60, 7:table: 0x2f294910 (more...)}
 blocked = boolean: false
 i = number: 3
 results = table: 0x2fba1468  {blocking:true, pause_skip:false, time_done:false, completed:false}
(13) Lua upvalue 'gameUpdateRef' at file 'game.lua:2548'
Local variables:
 self = table: 0x2f0760b8  {F_GUIDE:false, F_CRASH_REPORTS:false, F_QUIT_BUTTON:true, HUD_tags:table: 0x2fa06348, F_ENGLISH_ONLY:false, viewed_stake:1, HUD:table: 0x2f8fa430 (more...)}
 dt = number: 0.00321592
 http_resp = nil
(14) Lua method 'update' at Steamodded file 'src/ui.lua:84' 
Local variables:
 self = table: 0x2f0760b8  {F_GUIDE:false, F_CRASH_REPORTS:false, F_QUIT_BUTTON:true, HUD_tags:table: 0x2fa06348, F_ENGLISH_ONLY:false, viewed_stake:1, HUD:table: 0x2f8fa430 (more...)}
 dt = number: 0.00321592
(15) Lua field 'update' at file 'main.lua:999'
Local variables:
 dt = number: 0.00321592
(16) Lua function '?' at file 'main.lua:938' (best guess)
(17) global C function 'xpcall'
(18) LÖVE function at file 'boot.lua:377' (best guess)
Local variables:
 func = Lua function '?' (defined at line 909 of chunk main.lua)
 inerror = boolean: true
 deferErrhand = Lua function '(LÖVE Function)' (defined at line 348 of chunk [love "boot.lua"])
 earlyinit = Lua function '(LÖVE Function)' (defined at line 355 of chunk [love "boot.lua"])
